L 12/26/2009 - 01:15:10: Log file started (file "cstrike\addons\amxmodx\logs\dmaplog1226.log") (game "cstrike") (amx "1.75a")
L 12/26/2009 - 01:15:10: Did not ban any maps from mapstoban.ini file
L 12/26/2009 - 01:15:10: Loaded 19 Maps into the maps that will be picked for the vote
L 12/26/2009 - 01:15:10: 3 Maps were not loaded because they were the last maps played, or defined twice, or banned
L 12/26/2009 - 01:15:10: Found 22 Maps in your mapcycle.txt/allmaps.txt file, 19 are available for filling slots
L 12/26/2009 - 12:37:07: Did not ban any maps from mapstoban.ini file
L 12/26/2009 - 12:37:07: Loaded 20 Maps into the maps that will be picked for the vote
L 12/26/2009 - 12:37:07: 2 Maps were not loaded because they were the last maps played, or defined twice, or banned
L 12/26/2009 - 12:37:07: Found 22 Maps in your mapcycle.txt/allmaps.txt file, 20 are available for filling slots
L 12/26/2009 - 13:32:00: Did not ban any maps from mapstoban.ini file
L 12/26/2009 - 13:32:00: Loaded 21 Maps into the maps that will be picked for the vote
L 12/26/2009 - 13:32:00: 1 Maps were not loaded because they were the last maps played, or defined twice, or banned
L 12/26/2009 - 13:32:00: Found 22 Maps in your mapcycle.txt/allmaps.txt file, 21 are available for filling slots
L 12/26/2009 - 15:17:00: Did not ban any maps from mapstoban.ini file
L 12/26/2009 - 15:17:00: Loaded 21 Maps into the maps that will be picked for the vote
L 12/26/2009 - 15:17:00: 1 Maps were not loaded because they were the last maps played, or defined twice, or banned
L 12/26/2009 - 15:17:00: Found 22 Maps in your mapcycle.txt/allmaps.txt file, 21 are available for filling slots
L 12/26/2009 - 16:54:29: Did not ban any maps from mapstoban.ini file
L 12/26/2009 - 16:54:29: Loaded 20 Maps into the maps that will be picked for the vote
L 12/26/2009 - 16:54:29: 2 Maps were not loaded because they were the last maps played, or defined twice, or banned
L 12/26/2009 - 16:54:29: Found 22 Maps in your mapcycle.txt/allmaps.txt file, 20 are available for filling slots
L 12/26/2009 - 16:56:41: Did not ban any maps from mapstoban.ini file
L 12/26/2009 - 16:56:41: Loaded 20 Maps into the maps that will be picked for the vote
L 12/26/2009 - 16:56:41: 2 Maps were not loaded because they were the last maps played, or defined twice, or banned
L 12/26/2009 - 16:56:41: Found 22 Maps in your mapcycle.txt/allmaps.txt file, 20 are available for filling slots
L 12/26/2009 - 17:30:15: Did not ban any maps from mapstoban.ini file
L 12/26/2009 - 17:30:15: Loaded 20 Maps into the maps that will be picked for the vote
L 12/26/2009 - 17:30:15: 2 Maps were not loaded because they were the last maps played, or defined twice, or banned
L 12/26/2009 - 17:30:15: Found 22 Maps in your mapcycle.txt/allmaps.txt file, 20 are available for filling slots
L 12/26/2009 - 18:33:46: Did not ban any maps from mapstoban.ini file
L 12/26/2009 - 18:33:46: Loaded 21 Maps into the maps that will be picked for the vote
L 12/26/2009 - 18:33:46: 1 Maps were not loaded because they were the last maps played, or defined twice, or banned
L 12/26/2009 - 18:33:46: Found 22 Maps in your mapcycle.txt/allmaps.txt file, 21 are available for filling slots
L 12/26/2009 - 18:51:42: Did not ban any maps from mapstoban.ini file
L 12/26/2009 - 18:51:42: Loaded 21 Maps into the maps that will be picked for the vote
L 12/26/2009 - 18:51:42: 1 Maps were not loaded because they were the last maps played, or defined twice, or banned
L 12/26/2009 - 18:51:42: Found 22 Maps in your mapcycle.txt/allmaps.txt file, 21 are available for filling slots
L 12/26/2009 - 19:38:29: Did not ban any maps from mapstoban.ini file
L 12/26/2009 - 19:38:29: Loaded 21 Maps into the maps that will be picked for the vote
L 12/26/2009 - 19:38:29: 1 Maps were not loaded because they were the last maps played, or defined twice, or banned
L 12/26/2009 - 19:38:29: Found 22 Maps in your mapcycle.txt/allmaps.txt file, 21 are available for filling slots
L 12/26/2009 - 19:38:56: Did not ban any maps from mapstoban.ini file
L 12/26/2009 - 19:38:56: Loaded 21 Maps into the maps that will be picked for the vote
L 12/26/2009 - 19:38:56: 1 Maps were not loaded because they were the last maps played, or defined twice, or banned
L 12/26/2009 - 19:38:56: Found 22 Maps in your mapcycle.txt/allmaps.txt file, 21 are available for filling slots
L 12/26/2009 - 20:24:59: Nominations for the map vote: 0 out of 5 possible nominations
L 12/26/2009 - 20:24:59: Randomly Filling slots for the vote with 5 out of 21
L 12/26/2009 - 20:24:59: Filled 5 vote slots with random maps, 2 are custom
L 12/26/2009 - 20:24:59: Vote: Voting for the nextmap started
L 12/26/2009 - 20:25:19: Vote: Voting for the nextmap finished. The nextmap will be de_dust
L 12/26/2009 - 20:26:16: Did not ban any maps from mapstoban.ini file
L 12/26/2009 - 20:26:16: Loaded 20 Maps into the maps that will be picked for the vote
L 12/26/2009 - 20:26:16: 2 Maps were not loaded because they were the last maps played, or defined twice, or banned
L 12/26/2009 - 20:26:16: Found 22 Maps in your mapcycle.txt/allmaps.txt file, 20 are available for filling slots
L 12/26/2009 - 20:26:23: Did not ban any maps from mapstoban.ini file
L 12/26/2009 - 20:26:23: Loaded 20 Maps into the maps that will be picked for the vote
L 12/26/2009 - 20:26:23: 2 Maps were not loaded because they were the last maps played, or defined twice, or banned
L 12/26/2009 - 20:26:23: Found 22 Maps in your mapcycle.txt/allmaps.txt file, 20 are available for filling slots
