L 12/24/2009 - 17:15:59: Log file started (file "cstrike\addons\amxmodx\logs\dmaplog1224.log") (game "cstrike") (amx "1.75a")
L 12/24/2009 - 17:15:59: Did not ban any maps from mapstoban.ini file
L 12/24/2009 - 17:15:59: Loaded 21 Maps into the maps that will be picked for the vote
L 12/24/2009 - 17:15:59: 1 Maps were not loaded because they were the last maps played, or defined twice, or banned
L 12/24/2009 - 17:15:59: Found 22 Maps in your mapcycle.txt/allmaps.txt file, 21 are available for filling slots
L 12/24/2009 - 17:28:01: Did not ban any maps from mapstoban.ini file
L 12/24/2009 - 17:28:01: Loaded 21 Maps into the maps that will be picked for the vote
L 12/24/2009 - 17:28:01: 1 Maps were not loaded because they were the last maps played, or defined twice, or banned
L 12/24/2009 - 17:28:01: Found 22 Maps in your mapcycle.txt/allmaps.txt file, 21 are available for filling slots
L 12/24/2009 - 17:58:36: Did not ban any maps from mapstoban.ini file
L 12/24/2009 - 17:58:36: Loaded 21 Maps into the maps that will be picked for the vote
L 12/24/2009 - 17:58:36: 1 Maps were not loaded because they were the last maps played, or defined twice, or banned
L 12/24/2009 - 17:58:36: Found 22 Maps in your mapcycle.txt/allmaps.txt file, 21 are available for filling slots
L 12/24/2009 - 18:23:03: Did not ban any maps from mapstoban.ini file
L 12/24/2009 - 18:23:03: Loaded 21 Maps into the maps that will be picked for the vote
L 12/24/2009 - 18:23:03: 1 Maps were not loaded because they were the last maps played, or defined twice, or banned
L 12/24/2009 - 18:23:03: Found 22 Maps in your mapcycle.txt/allmaps.txt file, 21 are available for filling slots
L 12/24/2009 - 19:01:01: Did not ban any maps from mapstoban.ini file
L 12/24/2009 - 19:01:01: Loaded 20 Maps into the maps that will be picked for the vote
L 12/24/2009 - 19:01:01: 2 Maps were not loaded because they were the last maps played, or defined twice, or banned
L 12/24/2009 - 19:01:01: Found 22 Maps in your mapcycle.txt/allmaps.txt file, 20 are available for filling slots
L 12/24/2009 - 19:03:05: Did not ban any maps from mapstoban.ini file
L 12/24/2009 - 19:03:06: Loaded 20 Maps into the maps that will be picked for the vote
L 12/24/2009 - 19:03:06: 2 Maps were not loaded because they were the last maps played, or defined twice, or banned
L 12/24/2009 - 19:03:06: Found 22 Maps in your mapcycle.txt/allmaps.txt file, 20 are available for filling slots
L 12/24/2009 - 19:22:20: Did not ban any maps from mapstoban.ini file
L 12/24/2009 - 19:22:21: Loaded 19 Maps into the maps that will be picked for the vote
L 12/24/2009 - 19:22:21: 3 Maps were not loaded because they were the last maps played, or defined twice, or banned
L 12/24/2009 - 19:22:21: Found 22 Maps in your mapcycle.txt/allmaps.txt file, 19 are available for filling slots
L 12/24/2009 - 19:41:39: Did not ban any maps from mapstoban.ini file
L 12/24/2009 - 19:41:39: Loaded 19 Maps into the maps that will be picked for the vote
L 12/24/2009 - 19:41:39: 3 Maps were not loaded because they were the last maps played, or defined twice, or banned
L 12/24/2009 - 19:41:39: Found 22 Maps in your mapcycle.txt/allmaps.txt file, 19 are available for filling slots
