L 12/29/2009 - 10:43:36: Log file started (file "cstrike\addons\amxmodx\logs\dmaplog1229.log") (game "cstrike") (amx "1.75a")
L 12/29/2009 - 10:43:36: Did not ban any maps from mapstoban.ini file
L 12/29/2009 - 10:43:36: Loaded 22 Maps into the maps that will be picked for the vote
L 12/29/2009 - 10:43:36: 0 Maps were not loaded because they were the last maps played, or defined twice, or banned
L 12/29/2009 - 10:43:36: Found 22 Maps in your mapcycle.txt/allmaps.txt file, 22 are available for filling slots
L 12/29/2009 - 12:05:53: Did not ban any maps from mapstoban.ini file
L 12/29/2009 - 12:05:53: Loaded 22 Maps into the maps that will be picked for the vote
L 12/29/2009 - 12:05:53: 0 Maps were not loaded because they were the last maps played, or defined twice, or banned
L 12/29/2009 - 12:05:54: Found 22 Maps in your mapcycle.txt/allmaps.txt file, 22 are available for filling slots
L 12/29/2009 - 12:14:07: Did not ban any maps from mapstoban.ini file
L 12/29/2009 - 12:14:07: Loaded 22 Maps into the maps that will be picked for the vote
L 12/29/2009 - 12:14:07: 0 Maps were not loaded because they were the last maps played, or defined twice, or banned
L 12/29/2009 - 12:14:07: Found 22 Maps in your mapcycle.txt/allmaps.txt file, 22 are available for filling slots
L 12/29/2009 - 13:14:57: Nominations for the map vote: 0 out of 5 possible nominations
L 12/29/2009 - 13:14:57: Randomly Filling slots for the vote with 5 out of 22
L 12/29/2009 - 13:14:57: Filled 5 vote slots with random maps, 1 are custom
L 12/29/2009 - 13:14:57: Vote: Voting for the nextmap started
L 12/29/2009 - 13:15:17: Vote: Voting for the nextmap finished. Map surf_ski_2 will be extended to next 15 minutes
L 12/29/2009 - 14:23:22: Did not ban any maps from mapstoban.ini file
L 12/29/2009 - 14:23:22: Loaded 22 Maps into the maps that will be picked for the vote
L 12/29/2009 - 14:23:22: 0 Maps were not loaded because they were the last maps played, or defined twice, or banned
L 12/29/2009 - 14:23:22: Found 22 Maps in your mapcycle.txt/allmaps.txt file, 22 are available for filling slots
L 12/29/2009 - 15:11:25: Nominations for the map vote: 0 out of 5 possible nominations
L 12/29/2009 - 15:11:25: Randomly Filling slots for the vote with 5 out of 22
L 12/29/2009 - 15:11:25: Filled 5 vote slots with random maps, 0 are custom
L 12/29/2009 - 15:11:25: Vote: Voting for the nextmap started
L 12/29/2009 - 15:11:45: Vote: Voting for the nextmap finished. The nextmap will be de_survivor
L 12/29/2009 - 15:12:29: Did not ban any maps from mapstoban.ini file
L 12/29/2009 - 15:12:29: Loaded 21 Maps into the maps that will be picked for the vote
L 12/29/2009 - 15:12:29: 1 Maps were not loaded because they were the last maps played, or defined twice, or banned
L 12/29/2009 - 15:12:29: Found 22 Maps in your mapcycle.txt/allmaps.txt file, 21 are available for filling slots
L 12/29/2009 - 15:12:37: Did not ban any maps from mapstoban.ini file
L 12/29/2009 - 15:12:37: Loaded 21 Maps into the maps that will be picked for the vote
L 12/29/2009 - 15:12:37: 1 Maps were not loaded because they were the last maps played, or defined twice, or banned
L 12/29/2009 - 15:12:38: Found 22 Maps in your mapcycle.txt/allmaps.txt file, 21 are available for filling slots
L 12/29/2009 - 16:30:24: Did not ban any maps from mapstoban.ini file
L 12/29/2009 - 16:30:24: Loaded 21 Maps into the maps that will be picked for the vote
L 12/29/2009 - 16:30:24: 1 Maps were not loaded because they were the last maps played, or defined twice, or banned
L 12/29/2009 - 16:30:25: Found 22 Maps in your mapcycle.txt/allmaps.txt file, 21 are available for filling slots
L 12/29/2009 - 17:11:35: Did not ban any maps from mapstoban.ini file
L 12/29/2009 - 17:11:35: Loaded 21 Maps into the maps that will be picked for the vote
L 12/29/2009 - 17:11:35: 1 Maps were not loaded because they were the last maps played, or defined twice, or banned
L 12/29/2009 - 17:11:35: Found 22 Maps in your mapcycle.txt/allmaps.txt file, 21 are available for filling slots
L 12/29/2009 - 18:17:14: Did not ban any maps from mapstoban.ini file
L 12/29/2009 - 18:17:15: Loaded 20 Maps into the maps that will be picked for the vote
L 12/29/2009 - 18:17:15: 2 Maps were not loaded because they were the last maps played, or defined twice, or banned
L 12/29/2009 - 18:17:15: Found 22 Maps in your mapcycle.txt/allmaps.txt file, 20 are available for filling slots
L 12/29/2009 - 18:20:03: Did not ban any maps from mapstoban.ini file
L 12/29/2009 - 18:20:03: Loaded 21 Maps into the maps that will be picked for the vote
L 12/29/2009 - 18:20:03: 1 Maps were not loaded because they were the last maps played, or defined twice, or banned
L 12/29/2009 - 18:20:03: Found 22 Maps in your mapcycle.txt/allmaps.txt file, 21 are available for filling slots
