L 11/25/2004 - 11:15:58: -------- Mapchange --------
L 11/25/2004 - 11:15:59: [AMXX] Module "engine" required for plugin.  Check modules.ini. (plugin "sentryguns.amxx")
L 11/25/2004 - 11:15:59: [AMXX] Plugin uses an unknown function (name "cs_set_user_money") - check your modules.ini. (plugin "admin_allinone.amxx")
L 11/25/2004 - 11:15:59: [AMXX] Plugin uses an unknown function (name "get_user_stats") - check your modules.ini. (plugin "enter-leaver_message.amxx")
L 11/25/2004 - 11:15:59: [AMXX] Plugin uses an unknown function (name "cs_set_user_money") - check your modules.ini. (plugin "sunglasses.amxx")
L 11/25/2004 - 11:15:59: [AMXX] Plugin file open error (plugin "mapchoose.amxx")
L 11/25/2004 - 11:16:40: [admin.amxx] Login: "$eu_crey$$on<1><STEAM_ID_LAN><>" kicked due to invalid password (account "$eu_crey$$on") (address "loopback")
L 11/25/2004 - 11:28:07: [admincmd.amxx] Cmd: "$eu_crey$$on<1><STEAM_ID_PENDING><>" ask for players list
L 11/25/2004 - 11:28:29: [admincmd.amxx] Cmd: "$eu_crey$$on<1><STEAM_ID_PENDING><>" ask for players list
L 11/25/2004 - 11:30:15: [admincmd.amxx] Cmd: "$eu_crey$$on<1><STEAM_ID_PENDING><>" ask for players list
L 11/25/2004 - 11:31:28: [admincmd.amxx] Cmd: "$eu_crey$$on<1><STEAM_ID_PENDING><>" ask for players list
L 11/25/2004 - 11:32:21: [admincmd.amxx] Cmd: "$eu_crey$$on<1><STEAM_ID_PENDING><>" ask for players list
L 11/25/2004 - 11:34:43: [admincmd.amxx] Cmd: "$eu_crey$$on<1><STEAM_ID_PENDING><>" ask for players list
L 11/25/2004 - 11:34:59: [admincmd.amxx] Cmd: "$eu_crey$$on<1><STEAM_ID_LAN><>" ask for players list
L 11/25/2004 - 11:35:08: [admincmd.amxx] Cmd: "$eu_crey$$on<1><STEAM_ID_LAN><>" ask for players list
L 11/25/2004 - 11:36:17: [admincmd.amxx] Cmd: "$eu_crey$$on<1><STEAM_ID_LAN><>" ask for players list
L 11/25/2004 - 11:37:26: [admincmd.amxx] Cmd: "$eu_crey$$on<1><STEAM_ID_LAN><>" ask for players list
L 11/25/2004 - 11:38:19: -------- Mapchange --------
L 11/25/2004 - 11:38:20: [AMXX] Module "engine" required for plugin.  Check modules.ini. (plugin "sentryguns.amxx")
L 11/25/2004 - 11:38:20: [AMXX] Plugin uses an unknown function (name "cs_set_user_money") - check your modules.ini. (plugin "admin_allinone.amxx")
L 11/25/2004 - 11:38:20: [AMXX] Plugin uses an unknown function (name "get_user_stats") - check your modules.ini. (plugin "enter-leaver_message.amxx")
L 11/25/2004 - 11:38:20: [AMXX] Plugin uses an unknown function (name "cs_set_user_money") - check your modules.ini. (plugin "sunglasses.amxx")
L 11/25/2004 - 11:38:20: [AMXX] Plugin file open error (plugin "mapchoose.amxx")
L 11/25/2004 - 11:39:07: [admincmd.amxx] Cmd: "$eu_crey$$on<1><STEAM_ID_LAN><>" ask for players list
L 11/25/2004 - 11:40:11: [admincmd.amxx] Cmd: "$eu_crey$$on<1><STEAM_ID_LAN><>" ask for players list
L 11/25/2004 - 11:40:21: [admincmd.amxx] Cmd: "$eu_crey$$on<1><STEAM_ID_LAN><>" ask for players list
L 11/25/2004 - 11:42:03: [admincmd.amxx] Cmd: "$eu_crey$$on<1><STEAM_ID_LAN><>" ask for players list
L 11/25/2004 - 11:43:06: [admincmd.amxx] Cmd: "$eu_crey$$on<1><STEAM_ID_LAN><>" ask for players list
L 11/25/2004 - 11:47:31: [admincmd.amxx] Cmd: "$eu_crey$$on<1><STEAM_ID_LAN><>" change nick to "mister_phil" "$eu_crey$$on<1><STEAM_ID_LAN><>"
L 11/25/2004 - 11:47:31: [admin.amxx] Login: "mister_phil<1><STEAM_ID_LAN><>" became an admin (account "STEAM_ID_LAN") (access "abcdefghijklmnopqrstu") (address "loopback")
L 11/25/2004 - 11:48:16: [admin.amxx] Login: "$eu_crey$$on<1><STEAM_ID_LAN><>" became an admin (account "STEAM_ID_LAN") (access "abcdefghijklmnopqrstu") (address "loopback")
L 11/25/2004 - 11:56:34: -------- Mapchange --------
L 11/25/2004 - 11:56:34: [AMXX] Module "engine" required for plugin.  Check modules.ini. (plugin "sentryguns.amxx")
L 11/25/2004 - 11:56:34: [AMXX] Plugin uses an unknown function (name "cs_set_user_money") - check your modules.ini. (plugin "admin_allinone.amxx")
L 11/25/2004 - 11:56:34: [AMXX] Plugin uses an unknown function (name "get_user_stats") - check your modules.ini. (plugin "enter-leaver_message.amxx")
L 11/25/2004 - 11:56:34: [AMXX] Plugin uses an unknown function (name "cs_set_user_money") - check your modules.ini. (plugin "sunglasses.amxx")
L 11/25/2004 - 11:56:34: [AMXX] Plugin file open error (plugin "mapchoose.amxx")
L 11/25/2004 - 11:56:42: [admin.amxx] Login: "$eu_crey$$on<1><STEAM_ID_LAN><>" became an admin (account "STEAM_ID_LAN") (access "abcdefghijklmnopqrstu") (address "loopback")
L 11/25/2004 - 12:01:57: [admincmd.amxx] Cmd: "$eu_crey$$on<1><STEAM_ID_LAN><>" pause server
L 11/25/2004 - 12:01:59: [admincmd.amxx] Cmd: "$eu_crey$$on<1><STEAM_ID_LAN><>" unpause server
L 11/25/2004 - 12:02:20: [plmenu.amxx] Cmd: "$eu_crey$$on<1><STEAM_ID_LAN><>" transfer "[POD]Harrison Ford (83)<17><BOT><>" (team "CT")
L 11/25/2004 - 12:02:20: [plmenu.amxx] Cmd: "$eu_crey$$on<1><STEAM_ID_LAN><>" transfer "[POD]Harrison Ford (83)<17><BOT><>" (team "CT")
L 11/25/2004 - 12:03:06: [admincmd.amxx] Cmd: "$eu_crey$$on<1><STEAM_ID_LAN><>" pause server
L 11/25/2004 - 12:03:26: [admincmd.amxx] Cmd: "$eu_crey$$on<1><STEAM_ID_LAN><>" unpause server
L 11/25/2004 - 12:04:10: [plmenu.amxx] Cmd: "$eu_crey$$on<1><STEAM_ID_LAN><>" transfer "[POD]Andrew Dice Clay (64)<16><BOT><>" (team "TERRORIST")
L 11/25/2004 - 12:17:47: -------- Mapchange --------
L 11/25/2004 - 12:17:48: [AMXX] Module "engine" required for plugin.  Check modules.ini. (plugin "sentryguns.amxx")
L 11/25/2004 - 12:17:48: [AMXX] Plugin uses an unknown function (name "cs_set_user_money") - check your modules.ini. (plugin "admin_allinone.amxx")
L 11/25/2004 - 12:17:48: [AMXX] Plugin uses an unknown function (name "get_user_stats") - check your modules.ini. (plugin "enter-leaver_message.amxx")
L 11/25/2004 - 12:17:48: [AMXX] Plugin uses an unknown function (name "cs_set_user_money") - check your modules.ini. (plugin "sunglasses.amxx")
L 11/25/2004 - 12:17:48: [AMXX] Plugin file open error (plugin "mapchoose.amxx")
L 11/25/2004 - 12:17:59: [admin.amxx] Login: "$eu_crey$$on<1><STEAM_ID_LAN><>" became an admin (account "STEAM_ID_LAN") (access "abcdefghijklmnopqrstu") (address "loopback")
L 11/25/2004 - 15:07:54: -------- Mapchange --------
L 11/25/2004 - 15:07:54: [AMXX] Module "engine" required for plugin.  Check modules.ini. (plugin "sentryguns.amxx")
L 11/25/2004 - 15:07:55: [AMXX] Plugin uses an unknown function (name "cs_set_user_money") - check your modules.ini. (plugin "admin_allinone.amxx")
L 11/25/2004 - 15:07:55: [AMXX] Plugin uses an unknown function (name "get_user_stats") - check your modules.ini. (plugin "enter-leaver_message.amxx")
L 11/25/2004 - 15:07:55: [AMXX] Plugin uses an unknown function (name "cs_set_user_money") - check your modules.ini. (plugin "sunglasses.amxx")
L 11/25/2004 - 15:07:55: [AMXX] Plugin file open error (plugin "mapchoose.amxx")
L 11/25/2004 - 15:08:08: [admin.amxx] Login: "$eu_crey$$on<1><STEAM_ID_LAN><>" became an admin (account "STEAM_ID_LAN") (access "abcdefghijklmnopqrstu") (address "loopback")
L 11/25/2004 - 15:28:38: -------- Mapchange --------
L 11/25/2004 - 15:28:38: [AMXX] Module "engine" required for plugin.  Check modules.ini. (plugin "sentryguns.amxx")
L 11/25/2004 - 15:28:38: [AMXX] Plugin uses an unknown function (name "cs_set_user_money") - check your modules.ini. (plugin "admin_allinone.amxx")
L 11/25/2004 - 15:28:38: [AMXX] Plugin uses an unknown function (name "get_user_stats") - check your modules.ini. (plugin "enter-leaver_message.amxx")
L 11/25/2004 - 15:28:39: [AMXX] Plugin uses an unknown function (name "cs_set_user_money") - check your modules.ini. (plugin "sunglasses.amxx")
L 11/25/2004 - 15:28:39: [AMXX] Plugin file open error (plugin "mapchoose.amxx")
